<?xml version="1.0" encoding="UTF-8"?>
<!-- Generated by org.testng.reporters.JUnitXMLReporter -->
<testsuite hostname="QCLAP1012P593" ignored="0" name="LoginTest" tests="5" failures="0" timestamp="2021-01-22T10:20:02 IST" time="81.461" errors="0">
  <testcase name="myntraLaunchWebAppln" time="11.671" classname="myntraTests.MyntraTest"/>
  <testcase name="myntraLogin" time="9.152" classname="myntraTests.MyntraTest"/>
  <testcase name="myntraSearchItem" time="14.532" classname="myntraTests.MyntraTest"/>
  <testcase name="myntraAddItemsToBag" time="13.411" classname="myntraTests.MyntraTest"/>
  <testcase name="myntraPlaceTheOrder" time="7.121" classname="myntraTests.MyntraTest"/>
</testsuite> <!-- LoginTest -->
