<?xml version="1.0" encoding="UTF-8"?>
<testsuite xmlns:xsi="http://www.w3.org/2001/XMLSchema-instance" xsi:noNamespaceSchemaLocation="https://maven.apache.org/surefire/maven-surefire-plugin/xsd/surefire-test-report.xsd" name="TestSuite" time="90.178" tests="5" errors="0" skipped="0" failures="0">
  <properties>
[...]
</properties>
  <testcase name="myntraLaunchWebAppln" classname="myntraTests.MyntraTest" time="11.67"/>
  <testcase name="myntraLogin" classname="myntraTests.MyntraTest" time="9.152"/>
  <testcase name="myntraSearchItem" classname="myntraTests.MyntraTest" time="14.532"/>
  <testcase name="myntraAddItemsToBag" classname="myntraTests.MyntraTest" time="13.412"/>
  <testcase name="myntraPlaceTheOrder" classname="myntraTests.MyntraTest" time="7.122"/>
</testsuite>