<?xml version="1.0" encoding="UTF-8"?>
<!-- Generated by org.testng.reporters.JUnitReportReporter -->
<testsuite skipped="0" hostname="QCLAP1012P593" name="myntraTests.MyntraTest" tests="5" failures="0" timestamp="2021-01-22T10:20:07 IST" time="56.161" errors="0">
  <testcase name="myntraLaunchWebAppln" time="11.671" classname="myntraTests.MyntraTest"/>
  <testcase name="myntraLogin" time="9.153" classname="myntraTests.MyntraTest"/>
  <testcase name="myntraSearchItem" time="14.532" classname="myntraTests.MyntraTest"/>
  <testcase name="myntraAddItemsToBag" time="13.412" classname="myntraTests.MyntraTest"/>
  <testcase name="myntraPlaceTheOrder" time="7.393" classname="myntraTests.MyntraTest"/>
</testsuite> <!-- myntraTests.MyntraTest -->
